[debug] [2026-02-20T22:40:09.378Z] ----------------------------------------------------------------------
[debug] [2026-02-20T22:40:09.381Z] Command:       /usr/bin/node /usr/bin/firebase init
[debug] [2026-02-20T22:40:09.381Z] CLI Version:   15.7.0
[debug] [2026-02-20T22:40:09.381Z] Platform:      linux
[debug] [2026-02-20T22:40:09.381Z] Node Version:  v25.4.0
[debug] [2026-02-20T22:40:09.382Z] Time:          Fri Feb 20 2026 17:40:09 GMT-0500 (hora estándar de Colombia)
[debug] [2026-02-20T22:40:09.382Z] ----------------------------------------------------------------------
[debug] 
[info] 
     ######## #### ########  ######## ########     ###     ######  ########
     ##        ##  ##     ## ##       ##     ##  ##   ##  ##       ##
     ######    ##  ########  ######   ########  #########  ######  ######
     ##        ##  ##    ##  ##       ##     ## ##     ##       ## ##
     ##       #### ##     ## ######## ########  ##     ##  ######  ########

You're about to initialize a Firebase project in this directory:

  /home/igor/Documentos/code/milovsito

[debug] [2026-02-20T22:41:10.541Z] ExitPromptError: User force closed the prompt with SIGINT
    at Interface.sigint (/usr/lib/node_modules/firebase-tools/node_modules/@inquirer/core/dist/commonjs/lib/create-prompt.js:101:37)
    at Interface.emit (node:events:508:20)
    at [_ttyWrite] [as _ttyWrite] (node:internal/readline/interface:1327:18)
    at ReadStream.onkeypress (node:internal/readline/interface:284:20)
    at ReadStream.emit (node:events:520:22)
    at emitKeys (node:internal/readline/utils:371:14)
    at emitKeys.next (<anonymous>)
    at ReadStream.onData (node:internal/readline/emitKeypressEvents:64:36)
    at ReadStream.emit (node:events:508:20)
    at addChunk (node:internal/streams/readable:564:12)
[error] 
[error] Error: An unexpected error has occurred.
